<?xml version="1.0" encoding="UTF-8"?>
<!-- Generated by org.testng.reporters.JUnitReportReporter -->
<testsuite hostname="DESKTOP-UFMB1VQ" failures="0" tests="94" name="com.pwc.productcentral.SanityTestCases" time="11.715" errors="0" timestamp="2023-03-02T10:13:12 EST" skipped="92">
  <testcase classname="com.pwc.productcentral.SanityTestCases" name="WEB_6" time="3.615"/>
  <system-out/>
  <testcase classname="com.pwc.productcentral.SanityTestCases" name="WEB_6_1" time="8.100"/>
  <system-out/>
  <testcase classname="com.pwc.productcentral.SanityTestCases" name="WEB_3">
    <skipped/>
  </testcase> <!-- WEB_3 -->
  <system-out/>
  <testcase classname="com.pwc.productcentral.SanityTestCases" name="WEB_83">
    <skipped/>
  </testcase> <!-- WEB_83 -->
  <system-out/>
  <testcase classname="com.pwc.productcentral.SanityTestCases" name="WEB_80">
    <skipped/>
  </testcase> <!-- WEB_80 -->
  <system-out/>
  <testcase classname="com.pwc.productcentral.SanityTestCases" name="WEB_9">
    <skipped/>
  </testcase> <!-- WEB_9 -->
  <system-out/>
  <testcase classname="com.pwc.productcentral.SanityTestCases" name="WEB_4">
    <skipped/>
  </testcase> <!-- WEB_4 -->
  <system-out/>
  <testcase classname="com.pwc.productcentral.SanityTestCases" name="WEB_52_1">
    <skipped/>
  </testcase> <!-- WEB_52_1 -->
  <system-out/>
  <testcase classname="com.pwc.productcentral.SanityTestCases" name="WEB_82">
    <skipped/>
  </testcase> <!-- WEB_82 -->
  <system-out/>
  <testcase classname="com.pwc.productcentral.SanityTestCases" name="WEB_7">
    <skipped/>
  </testcase> <!-- WEB_7 -->
  <system-out/>
  <testcase classname="com.pwc.productcentral.SanityTestCases" name="WEB_40">
    <skipped/>
  </testcase> <!-- WEB_40 -->
  <system-out/>
  <testcase classname="com.pwc.productcentral.SanityTestCases" name="WEB_84">
    <skipped/>
  </testcase> <!-- WEB_84 -->
  <system-out/>
  <testcase classname="com.pwc.productcentral.SanityTestCases" name="WEB_81">
    <skipped/>
  </testcase> <!-- WEB_81 -->
  <system-out/>
  <testcase classname="com.pwc.productcentral.SanityTestCases" name="WEB_8">
    <skipped/>
  </testcase> <!-- WEB_8 -->
  <system-out/>
  <testcase classname="com.pwc.productcentral.SanityTestCases" name="WEB_42">
    <skipped/>
  </testcase> <!-- WEB_42 -->
  <system-out/>
  <testcase classname="com.pwc.productcentral.SanityTestCases" name="WEB_86">
    <skipped/>
  </testcase> <!-- WEB_86 -->
  <system-out/>
  <testcase classname="com.pwc.productcentral.SanityTestCases" name="WEB_47">
    <skipped/>
  </testcase> <!-- WEB_47 -->
  <system-out/>
  <testcase classname="com.pwc.productcentral.SanityTestCases" name="WEB_44">
    <skipped/>
  </testcase> <!-- WEB_44 -->
  <system-out/>
  <testcase classname="com.pwc.productcentral.SanityTestCases" name="WEB_1">
    <skipped/>
  </testcase> <!-- WEB_1 -->
  <system-out/>
  <testcase classname="com.pwc.productcentral.SanityTestCases" name="WEB_41">
    <skipped/>
  </testcase> <!-- WEB_41 -->
  <system-out/>
  <testcase classname="com.pwc.productcentral.SanityTestCases" name="WEB_85">
    <skipped/>
  </testcase> <!-- WEB_85 -->
  <system-out/>
  <testcase classname="com.pwc.productcentral.SanityTestCases" name="WEB_46">
    <skipped/>
  </testcase> <!-- WEB_46 -->
  <system-out/>
  <testcase classname="com.pwc.productcentral.SanityTestCases" name="WEB_2">
    <skipped/>
  </testcase> <!-- WEB_2 -->
  <system-out/>
  <testcase classname="com.pwc.productcentral.SanityTestCases" name="WEB_48">
    <skipped/>
  </testcase> <!-- WEB_48 -->
  <system-out/>
  <testcase classname="com.pwc.productcentral.SanityTestCases" name="WEB_45">
    <skipped/>
  </testcase> <!-- WEB_45 -->
  <system-out/>
  <testcase classname="com.pwc.productcentral.SanityTestCases" name="WEB_49">
    <skipped/>
  </testcase> <!-- WEB_49 -->
  <system-out/>
  <testcase classname="com.pwc.productcentral.SanityTestCases" name="WEB_43">
    <skipped/>
  </testcase> <!-- WEB_43 -->
  <system-out/>
  <testcase classname="com.pwc.productcentral.SanityTestCases" name="WEB_5_2">
    <skipped/>
  </testcase> <!-- WEB_5_2 -->
  <system-out/>
  <testcase classname="com.pwc.productcentral.SanityTestCases" name="WEB_5">
    <skipped/>
  </testcase> <!-- WEB_5 -->
  <system-out/>
  <testcase classname="com.pwc.productcentral.SanityTestCases" name="WEB_50">
    <skipped/>
  </testcase> <!-- WEB_50 -->
  <system-out/>
  <testcase classname="com.pwc.productcentral.SanityTestCases" name="WEB_51">
    <skipped/>
  </testcase> <!-- WEB_51 -->
  <system-out/>
  <testcase classname="com.pwc.productcentral.SanityTestCases" name="WEB_53">
    <skipped/>
  </testcase> <!-- WEB_53 -->
  <system-out/>
  <testcase classname="com.pwc.productcentral.SanityTestCases" name="WEB_14">
    <skipped/>
  </testcase> <!-- WEB_14 -->
  <system-out/>
  <testcase classname="com.pwc.productcentral.SanityTestCases" name="WEB_58">
    <skipped/>
  </testcase> <!-- WEB_58 -->
  <system-out/>
  <testcase classname="com.pwc.productcentral.SanityTestCases" name="WEB_11">
    <skipped/>
  </testcase> <!-- WEB_11 -->
  <system-out/>
  <testcase classname="com.pwc.productcentral.SanityTestCases" name="WEB_55">
    <skipped/>
  </testcase> <!-- WEB_55 -->
  <system-out/>
  <testcase classname="com.pwc.productcentral.SanityTestCases" name="WEB_52">
    <skipped/>
  </testcase> <!-- WEB_52 -->
  <system-out/>
  <testcase classname="com.pwc.productcentral.SanityTestCases" name="WEB_13">
    <skipped/>
  </testcase> <!-- WEB_13 -->
  <system-out/>
  <testcase classname="com.pwc.productcentral.SanityTestCases" name="WEB_57">
    <skipped/>
  </testcase> <!-- WEB_57 -->
  <system-out/>
  <testcase classname="com.pwc.productcentral.SanityTestCases" name="WEB_15">
    <skipped/>
  </testcase> <!-- WEB_15 -->
  <system-out/>
  <testcase classname="com.pwc.productcentral.SanityTestCases" name="WEB_59">
    <skipped/>
  </testcase> <!-- WEB_59 -->
  <system-out/>
  <testcase classname="com.pwc.productcentral.SanityTestCases" name="WEB_12">
    <skipped/>
  </testcase> <!-- WEB_12 -->
  <system-out/>
  <testcase classname="com.pwc.productcentral.SanityTestCases" name="WEB_56">
    <skipped/>
  </testcase> <!-- WEB_56 -->
  <system-out/>
  <testcase classname="com.pwc.productcentral.SanityTestCases" name="WEB_17">
    <skipped/>
  </testcase> <!-- WEB_17 -->
  <system-out/>
  <testcase classname="com.pwc.productcentral.SanityTestCases" name="WEB_19">
    <skipped/>
  </testcase> <!-- WEB_19 -->
  <system-out/>
  <testcase classname="com.pwc.productcentral.SanityTestCases" name="WEB_16">
    <skipped/>
  </testcase> <!-- WEB_16 -->
  <system-out/>
  <testcase classname="com.pwc.productcentral.SanityTestCases" name="WEB_10">
    <skipped/>
  </testcase> <!-- WEB_10 -->
  <system-out/>
  <testcase classname="com.pwc.productcentral.SanityTestCases" name="WEB_54">
    <skipped/>
  </testcase> <!-- WEB_54 -->
  <system-out/>
  <testcase classname="com.pwc.productcentral.SanityTestCases" name="WEB_52_3">
    <skipped/>
  </testcase> <!-- WEB_52_3 -->
  <system-out/>
  <testcase classname="com.pwc.productcentral.SanityTestCases" name="WEB_52_4">
    <skipped/>
  </testcase> <!-- WEB_52_4 -->
  <system-out/>
  <testcase classname="com.pwc.productcentral.SanityTestCases" name="WEB_52_2">
    <skipped/>
  </testcase> <!-- WEB_52_2 -->
  <system-out/>
  <testcase classname="com.pwc.productcentral.SanityTestCases" name="WEB_31_1">
    <skipped/>
  </testcase> <!-- WEB_31_1 -->
  <system-out/>
  <testcase classname="com.pwc.productcentral.SanityTestCases" name="WEB_18">
    <skipped/>
  </testcase> <!-- WEB_18 -->
  <system-out/>
  <testcase classname="com.pwc.productcentral.SanityTestCases" name="WEB_52_5">
    <skipped/>
  </testcase> <!-- WEB_52_5 -->
  <system-out/>
  <testcase classname="com.pwc.productcentral.SanityTestCases" name="WEB_61">
    <skipped/>
  </testcase> <!-- WEB_61 -->
  <system-out/>
  <testcase classname="com.pwc.productcentral.SanityTestCases" name="WEB_60">
    <skipped/>
  </testcase> <!-- WEB_60 -->
  <system-out/>
  <testcase classname="com.pwc.productcentral.SanityTestCases" name="WEB_62">
    <skipped/>
  </testcase> <!-- WEB_62 -->
  <system-out/>
  <testcase classname="com.pwc.productcentral.SanityTestCases" name="WEB_20">
    <skipped/>
  </testcase> <!-- WEB_20 -->
  <system-out/>
  <testcase classname="com.pwc.productcentral.SanityTestCases" name="WEB_64">
    <skipped/>
  </testcase> <!-- WEB_64 -->
  <system-out/>
  <testcase classname="com.pwc.productcentral.SanityTestCases" name="WEB_25">
    <skipped/>
  </testcase> <!-- WEB_25 -->
  <system-out/>
  <testcase classname="com.pwc.productcentral.SanityTestCases" name="WEB_69">
    <skipped/>
  </testcase> <!-- WEB_69 -->
  <system-out/>
  <testcase classname="com.pwc.productcentral.SanityTestCases" name="WEB_22">
    <skipped/>
  </testcase> <!-- WEB_22 -->
  <system-out/>
  <testcase classname="com.pwc.productcentral.SanityTestCases" name="WEB_66">
    <skipped/>
  </testcase> <!-- WEB_66 -->
  <system-out/>
  <testcase classname="com.pwc.productcentral.SanityTestCases" name="WEB_63">
    <skipped/>
  </testcase> <!-- WEB_63 -->
  <system-out/>
  <testcase classname="com.pwc.productcentral.SanityTestCases" name="WEB_24">
    <skipped/>
  </testcase> <!-- WEB_24 -->
  <system-out/>
  <testcase classname="com.pwc.productcentral.SanityTestCases" name="WEB_68">
    <skipped/>
  </testcase> <!-- WEB_68 -->
  <system-out/>
  <testcase classname="com.pwc.productcentral.SanityTestCases" name="WEB_26">
    <skipped/>
  </testcase> <!-- WEB_26 -->
  <system-out/>
  <testcase classname="com.pwc.productcentral.SanityTestCases" name="WEB_23">
    <skipped/>
  </testcase> <!-- WEB_23 -->
  <system-out/>
  <testcase classname="com.pwc.productcentral.SanityTestCases" name="WEB_67">
    <skipped/>
  </testcase> <!-- WEB_67 -->
  <system-out/>
  <testcase classname="com.pwc.productcentral.SanityTestCases" name="WEB_28">
    <skipped/>
  </testcase> <!-- WEB_28 -->
  <system-out/>
  <testcase classname="com.pwc.productcentral.SanityTestCases" name="WEB_27">
    <skipped/>
  </testcase> <!-- WEB_27 -->
  <system-out/>
  <testcase classname="com.pwc.productcentral.SanityTestCases" name="WEB_21">
    <skipped/>
  </testcase> <!-- WEB_21 -->
  <system-out/>
  <testcase classname="com.pwc.productcentral.SanityTestCases" name="WEB_65">
    <skipped/>
  </testcase> <!-- WEB_65 -->
  <system-out/>
  <testcase classname="com.pwc.productcentral.SanityTestCases" name="WEB_29">
    <skipped/>
  </testcase> <!-- WEB_29 -->
  <system-out/>
  <testcase classname="com.pwc.productcentral.SanityTestCases" name="WEB_72">
    <skipped/>
  </testcase> <!-- WEB_72 -->
  <system-out/>
  <testcase classname="com.pwc.productcentral.SanityTestCases" name="WEB_71">
    <skipped/>
  </testcase> <!-- WEB_71 -->
  <system-out/>
  <testcase classname="com.pwc.productcentral.SanityTestCases" name="WEB_73">
    <skipped/>
  </testcase> <!-- WEB_73 -->
  <system-out/>
  <testcase classname="com.pwc.productcentral.SanityTestCases" name="WEB_70">
    <skipped/>
  </testcase> <!-- WEB_70 -->
  <system-out/>
  <testcase classname="com.pwc.productcentral.SanityTestCases" name="WEB_31">
    <skipped/>
  </testcase> <!-- WEB_31 -->
  <system-out/>
  <testcase classname="com.pwc.productcentral.SanityTestCases" name="WEB_75">
    <skipped/>
  </testcase> <!-- WEB_75 -->
  <system-out/>
  <testcase classname="com.pwc.productcentral.SanityTestCases" name="WEB_36">
    <skipped/>
  </testcase> <!-- WEB_36 -->
  <system-out/>
  <testcase classname="com.pwc.productcentral.SanityTestCases" name="WEB_33">
    <skipped/>
  </testcase> <!-- WEB_33 -->
  <system-out/>
  <testcase classname="com.pwc.productcentral.SanityTestCases" name="WEB_77">
    <skipped/>
  </testcase> <!-- WEB_77 -->
  <system-out/>
  <testcase classname="com.pwc.productcentral.SanityTestCases" name="WEB_30">
    <skipped/>
  </testcase> <!-- WEB_30 -->
  <system-out/>
  <testcase classname="com.pwc.productcentral.SanityTestCases" name="WEB_74">
    <skipped/>
  </testcase> <!-- WEB_74 -->
  <system-out/>
  <testcase classname="com.pwc.productcentral.SanityTestCases" name="WEB_35">
    <skipped/>
  </testcase> <!-- WEB_35 -->
  <system-out/>
  <testcase classname="com.pwc.productcentral.SanityTestCases" name="WEB_79">
    <skipped/>
  </testcase> <!-- WEB_79 -->
  <system-out/>
  <testcase classname="com.pwc.productcentral.SanityTestCases" name="WEB_37">
    <skipped/>
  </testcase> <!-- WEB_37 -->
  <system-out/>
  <testcase classname="com.pwc.productcentral.SanityTestCases" name="WEB_34">
    <skipped/>
  </testcase> <!-- WEB_34 -->
  <system-out/>
  <testcase classname="com.pwc.productcentral.SanityTestCases" name="WEB_78">
    <skipped/>
  </testcase> <!-- WEB_78 -->
  <system-out/>
  <testcase classname="com.pwc.productcentral.SanityTestCases" name="WEB_39">
    <skipped/>
  </testcase> <!-- WEB_39 -->
  <system-out/>
  <testcase classname="com.pwc.productcentral.SanityTestCases" name="WEB_38">
    <skipped/>
  </testcase> <!-- WEB_38 -->
  <system-out/>
  <testcase classname="com.pwc.productcentral.SanityTestCases" name="WEB_32">
    <skipped/>
  </testcase> <!-- WEB_32 -->
  <system-out/>
  <testcase classname="com.pwc.productcentral.SanityTestCases" name="WEB_76">
    <skipped/>
  </testcase> <!-- WEB_76 -->
  <system-out/>
</testsuite> <!-- com.pwc.productcentral.SanityTestCases -->
